[developer.mozilla.org/en/JavaScript/Reference.html]
[backblue.gif]
[fade.gif]
[index.html]
[developer.mozilla.org/favicon.ico]
[developer.mozilla.org/skins/common/css.css]
[developer.mozilla.org/skins/mdn/Transitional/css.css]
[developer.mozilla.org/skins/mdn/Transitional/print.css]
[developer.mozilla.org/skins/mdn/_editor.css]
[developer.mozilla.org/skins/common/js188f.php]
[developer.mozilla.org/skins/mdn/Transitional/_content.css]
[developer.mozilla.org/skins/common/custom_css.css]
[developer.mozilla.org/skins/mdn/Transitional/img/mdn-logo-compact.png]
[developer.mozilla.org/en/JavaScript/Reference/About.html]
[developer.mozilla.org/en/JavaScript/Reference/Global_Objects.html]
[developer.mozilla.org/en/JavaScript/Reference/Global_Objects/Boolean.html]
[developer.mozilla.org/en/JavaScript/Reference/Global_Objects/Number.html]
[developer.mozilla.org/en/JavaScript/Reference/Global_Objects/String.html]
[developer.mozilla.org/en/JavaScript/Reference/Global_Objects/Array.html]
[developer.mozilla.org/en/JavaScript/Reference/Global_Objects/Object.html]
[developer.mozilla.org/en/JavaScript/Reference/Global_Objects/Function.html]
[developer.mozilla.org/en/JavaScript/Reference/Global_Objects/RegExp.html]
[developer.mozilla.org/en/JavaScript/Reference/Global_Objects/Date.html]
[developer.mozilla.org/en/JavaScript/Reference/Global_Objects/Error.html]
[developer.mozilla.org/en/JavaScript/Reference/Global_Objects/EvalError.html]
[developer.mozilla.org/en/JavaScript/Reference/Global_Objects/RangeError.html]
[developer.mozilla.org/en/JavaScript/Reference/Global_Objects/ReferenceError.html]
[developer.mozilla.org/en/JavaScript/Reference/Global_Objects/SyntaxError.html]
[developer.mozilla.org/en/JavaScript/Reference/Global_Objects/TypeError.html]
[developer.mozilla.org/en/JavaScript/Reference/Global_Objects/URIError.html]
[developer.mozilla.org/en/JavaScript/Reference/Global_Objects/decodeURI.html]
[developer.mozilla.org/en/JavaScript/Reference/Global_Objects/decodeURIComponent.html]
[developer.mozilla.org/en/JavaScript/Reference/Global_Objects/encodeURI.html]
[developer.mozilla.org/en/JavaScript/Reference/Global_Objects/encodeURIComponent.html]
[developer.mozilla.org/en/JavaScript/Reference/Global_Objects/eval.html]
[developer.mozilla.org/en/JavaScript/Reference/Global_Objects/isFinite.html]
[developer.mozilla.org/en/JavaScript/Reference/Global_Objects/isNaN.html]
[developer.mozilla.org/en/JavaScript/Reference/Global_Objects/parseFloat.html]
[developer.mozilla.org/en/JavaScript/Reference/Global_Objects/parseInt.html]
[developer.mozilla.org/en/JavaScript/Reference/Global_Objects/Infinity.html]
[developer.mozilla.org/en/JavaScript/Reference/Global_Objects/Math.html]
[developer.mozilla.org/en/JavaScript/Reference/Global_Objects/NaN.html]
[developer.mozilla.org/en/JavaScript/Reference/Global_Objects/undefined.html]
[developer.mozilla.org/en/JavaScript/Reference/Functions_and_function_scope.html]
[developer.mozilla.org/en/JavaScript/Reference/Functions_and_function_scope/arguments.html]
[developer.mozilla.org/en/JavaScript/Reference/Statements.html]
[developer.mozilla.org/en/JavaScript/Reference/Statements/block.html]
[developer.mozilla.org/en/JavaScript/Reference/Statements/break.html]
[developer.mozilla.org/en/JavaScript/Reference/Statements/const.html]
[developer.mozilla.org/en/JavaScript/Reference/Statements/continue.html]
[developer.mozilla.org/en/JavaScript/Reference/Statements/do...html]
[developer.mozilla.org/en/JavaScript/Reference/Statements/export.html]
[developer.mozilla.org/en/JavaScript/Reference/Statements/for.html]
[developer.mozilla.org/en/JavaScript/Reference/Statements/for...html]
[developer.mozilla.org/en/JavaScript/Reference/Statements/for_each...html]
[developer.mozilla.org/en/JavaScript/Reference/Statements/function.html]
[developer.mozilla.org/en/JavaScript/Reference/Statements/if...html]
[developer.mozilla.org/en/JavaScript/Reference/Statements/import.html]
[developer.mozilla.org/en/JavaScript/Reference/Statements/label.html]
[developer.mozilla.org/en/JavaScript/Reference/Statements/let.html]
[developer.mozilla.org/en/JavaScript/Reference/Statements/return.html]
[developer.mozilla.org/en/JavaScript/Reference/Statements/switch.html]
[developer.mozilla.org/en/JavaScript/Reference/Statements/throw.html]
[developer.mozilla.org/en/JavaScript/Reference/Statements/try...html]
[developer.mozilla.org/en/JavaScript/Reference/Statements/var.html]
[developer.mozilla.org/en/JavaScript/Reference/Statements/while.html]
[developer.mozilla.org/en/JavaScript/Reference/Statements/with.html]
[developer.mozilla.org/en/JavaScript/Reference/Operators.html]
[developer.mozilla.org/en/JavaScript/Reference/Operators/Arithmetic_Operators.html]
[developer.mozilla.org/en/JavaScript/Reference/Operators/Assignment_Operators.html]
[developer.mozilla.org/en/JavaScript/Reference/Operators/Bitwise_Operators.html]
[developer.mozilla.org/en/JavaScript/Reference/Operators/Comparison_Operators.html]
[developer.mozilla.org/en/JavaScript/Reference/Operators/Logical_Operators.html]
[developer.mozilla.org/en/JavaScript/Reference/Operators/String_Operators.html]
[developer.mozilla.org/en/JavaScript/Reference/Operators/Member_Operators.html]
[developer.mozilla.org/en/JavaScript/Reference/Operators/Special/Conditional_Operator.html]
[developer.mozilla.org/en/JavaScript/Reference/Operators/Special/Comma_Operator.html]
[developer.mozilla.org/en/JavaScript/Reference/Operators/Special/delete.html]
[developer.mozilla.org/en/JavaScript/Reference/Operators/Special/function.html]
[developer.mozilla.org/en/JavaScript/Reference/Operators/Special/get.html]
[developer.mozilla.org/en/JavaScript/Reference/Operators/Special/in.html]
[developer.mozilla.org/en/JavaScript/Reference/Operators/Special/instanceof.html]
[developer.mozilla.org/en/JavaScript/Reference/Operators/Special/new.html]
[developer.mozilla.org/en/JavaScript/Reference/Operators/Special/set.html]
[developer.mozilla.org/en/JavaScript/Reference/Operators/Special/this.html]
[developer.mozilla.org/en/JavaScript/Reference/Operators/Special/typeof.html]
[developer.mozilla.org/en/JavaScript/Reference/Operators/Special/void.html]
[developer.mozilla.org/en/JavaScript/Reference/Operators/Operator_Precedence.html]
[developer.mozilla.org/en/JavaScript/Reference/Comments/comment.html]
[developer.mozilla.org/en/JavaScript/Reference/Reserved_Words.html]
[developer.mozilla.org/en/JavaScript/Reference/Deprecated_Features.html]
[developer.mozilla.org/skins/mdn/Transitional/img/mdn-logo-tiny.png]
[developer.mozilla.org/skins/mdn/Transitional/js/jquery.hoverIntent.minified.js]
[developer.mozilla.org/skins/mdn/Transitional/js/superfish.js]
[developer.mozilla.org/skins/mdn/Transitional/js/javascript.js]
[developer.mozilla.org/skins/mdn/Transitional/js/gsearch.js]
[developer.mozilla.org/skins/mdn/Transitional/js/webtrends.js]
[statse.webtrendslive.com/dcs8yrjuavz5bdaun34r2o8bi_8o8x/njs3a1a.gif]
[developer.mozilla.org/en/JavaScript/Reference.html]
[developer.mozilla.org/skins/common/icons/file-unknown.png]
[developer.mozilla.org/skins/common/icons/icon-redirect.gif]
[developer.mozilla.org/skins/common/icons/icon-external.gif]
[developer.mozilla.org/skins/common/icons/icon-lock.gif]
[developer.mozilla.org/skins/common/icons/icon-mail.gif]
[developer.mozilla.org/skins/common/icons/icon-news.gif]
[developer.mozilla.org/skins/common/icons/icon-file.gif]
[developer.mozilla.org/skins/common/icons/icon-discuss.gif]
[developer.mozilla.org/skins/common/icons/icon-user-s.gif]
[developer.mozilla.org/skins/common/icons/icon-expand.gif]
[developer.mozilla.org/skins/common/icons/icons.gif]
[developer.mozilla.org/skins/common/icons/edit.png]
[developer.mozilla.org/skins/common/images/nav-parent-open.gif]
[developer.mozilla.org/skins/common/images/nav-parent-closed.gif]
[developer.mozilla.org/skins/common/images/nav-home.gif]
[developer.mozilla.org/skins/common/icons/file-text.png]
[developer.mozilla.org/skins/common/icons/file-ppt.png]
[developer.mozilla.org/skins/common/icons/file-image.png]
[developer.mozilla.org/skins/common/icons/file-flash.png]
[developer.mozilla.org/skins/common/icons/file-excel.png]
[developer.mozilla.org/skins/common/icons/file-zip.png]
[developer.mozilla.org/skins/common/icons/file-acrobat.png]
[developer.mozilla.org/skins/common/icons/file-archived.png]
[developer.mozilla.org/skins/common/icons/file-doc.png]
[developer.mozilla.org/skins/common/icons/file-movie.png]
[developer.mozilla.org/skins/common/icons/file-html.png]
[developer.mozilla.org/skins/common/icons/file-music.png]
[developer.mozilla.org/skins/common/images/icons/aif-16.gif]
[developer.mozilla.org/skins/common/images/icons/aiff-16.gif]
[developer.mozilla.org/skins/common/images/icons/au-16.gif]
[developer.mozilla.org/skins/common/images/icons/bmp-16.gif]
[developer.mozilla.org/skins/common/images/icons/default-16.gif]
[developer.mozilla.org/skins/common/images/icons/doc-16.gif]
[developer.mozilla.org/skins/common/images/icons/dot-16.gif]
[developer.mozilla.org/skins/common/images/icons/gif-16.gif]
[developer.mozilla.org/skins/common/images/icons/jpeg-16.gif]
[developer.mozilla.org/skins/common/images/icons/jpg-16.gif]
[developer.mozilla.org/skins/common/images/icons/m1v-16.gif]
[developer.mozilla.org/skins/common/images/icons/mov-16.gif]
[developer.mozilla.org/skins/common/images/icons/mp2-16.gif]
[developer.mozilla.org/skins/common/images/icons/mp3-16.gif]
[developer.mozilla.org/skins/common/images/icons/mpa-16.gif]
[developer.mozilla.org/skins/common/images/icons/mpg-16.gif]
[developer.mozilla.org/skins/common/images/icons/pdf-16.gif]
[developer.mozilla.org/skins/common/images/icons/png-16.gif]
[developer.mozilla.org/skins/common/images/icons/ppt-16.gif]
[developer.mozilla.org/skins/common/images/icons/pub-16.gif]
[developer.mozilla.org/skins/common/images/icons/qt-16.gif]
[developer.mozilla.org/skins/common/images/icons/tif-16.gif]
[developer.mozilla.org/skins/common/images/icons/txt-16.gif]
[developer.mozilla.org/skins/common/images/icons/vsd-16.gif]
[developer.mozilla.org/skins/common/images/icons/wav-16.gif]
[developer.mozilla.org/skins/common/images/icons/wmv-16.gif]
[developer.mozilla.org/skins/common/images/icons/xls-16.gif]
[developer.mozilla.org/skins/common/images/icons/xlt-16.gif]
[developer.mozilla.org/skins/common/images/icons/zip-16.gif]
[developer.mozilla.org/skins/common/yui/assets/skins/sam/sprite.png]
[developer.mozilla.org/skins/common/yui/button/assets/skins/sam/menu-button-arrow.png]
[developer.mozilla.org/skins/common/yui/button/assets/skins/sam/split-button-arrow.png]
[developer.mozilla.org/skins/common/yui/button/assets/skins/sam/split-button-arrow-focus.png]
[developer.mozilla.org/skins/common/yui/button/assets/skins/sam/split-button-arrow-hover.png]
[developer.mozilla.org/skins/common/yui/button/assets/skins/sam/split-button-arrow-active.png]
[developer.mozilla.org/skins/common/yui/button/assets/skins/sam/menu-button-arrow-disabled.png]
[developer.mozilla.org/skins/common/yui/button/assets/skins/sam/split-button-arrow-disabled.png]
[developer.mozilla.org/skins/common/jquery/thickbox/macFFBgHack.png]
[developer.mozilla.org/skins/common/icons/close.png]
[developer.mozilla.org/skins/common/icons/tag_blue_add.png]
[developer.mozilla.org/skins/common/icons/tag_blue_delete.png]
[developer.mozilla.org/skins/common/icons/alert_on.gif]
[developer.mozilla.org/skins/common/icons/alert_off.gif]
[developer.mozilla.org/skins/common/css.css]
[developer.mozilla.org/skins/common/print.css]
[developer.mozilla.org/skins/common/icons/anim-wait-circle.gif]
[developer.mozilla.org/skins/mdn/Transitional/fonts/League_Gothic-webfont.eot]
[developer.mozilla.org/skins/mdn/Transitional/fonts/League_Gothic-webfont.woff]
[developer.mozilla.org/skins/mdn/Transitional/fonts/League_Gothic-webfont.ttf]
[developer.mozilla.org/skins/mdn/Transitional/img/bg-content.png]
[developer.mozilla.org/skins/mdn/Transitional/img/icons/user_small.png]
[developer.mozilla.org/skins/mdn/Transitional/img/icons/link_external.png]
[developer.mozilla.org/skins/mdn/Transitional/img/icons/link_mail.png]
[developer.mozilla.org/skins/mdn/Transitional/img/icons/link_news.png]
[developer.mozilla.org/skins/mdn/Transitional/img/icons/link_download.png]
[developer.mozilla.org/skins/mdn/Transitional/img/icons/link_chat.png]
[developer.mozilla.org/skins/mdn/Transitional/img/button-shade.png]
[developer.mozilla.org/skins/mdn/Transitional/img/bg-masthead.png]
[developer.mozilla.org/skins/mdn/Transitional/img/nav-main-arrow.png]
[developer.mozilla.org/skins/mdn/Transitional/img/menu-arrow-w.png]
[developer.mozilla.org/skins/mdn/Transitional/img/menu-arrow.png]
[developer.mozilla.org/skins/mdn/Transitional/img/crumb-sep.png]
[developer.mozilla.org/skins/mdn/Transitional/img/search-arrow.png]
[developer.mozilla.org/skins/mdn/Transitional/img/button-edit.png]
[developer.mozilla.org/skins/mdn/Transitional/img/button-watch.png]
[developer.mozilla.org/skins/mdn/Transitional/img/icons/sysaccept.png]
[developer.mozilla.org/skins/mdn/Transitional/img/icons/sysalert.png]
[developer.mozilla.org/skins/mdn/Transitional/img/icons/tag-tiny.png]
[developer.mozilla.org/skins/mdn/Transitional/img/icons/attach-tiny.png]
[developer.mozilla.org/skins/mdn/Transitional/img/light-shade.png]
[developer.mozilla.org/skins/mdn/Transitional/img/button-attach.png]
[developer.mozilla.org/skins/mdn/Transitional/img/downarrow.png]
[developer.mozilla.org/skins/mdn/Transitional/css.css]
[developer.mozilla.org/skins/mdn/Transitional/print.css]
[developer.mozilla.org/skins/common/icons/anim-save.gif]
[developer.mozilla.org/skins/mdn/_edcontent.css]
[developer.mozilla.org/skins/common/icons/editor-title.gif]
[developer.mozilla.org/skins/common/icons/editor-h1.gif]
[developer.mozilla.org/skins/common/icons/editor-h2.gif]
[developer.mozilla.org/skins/common/icons/editor-h3.gif]
[developer.mozilla.org/skins/common/icons/editor-h4.gif]
[developer.mozilla.org/skins/common/icons/editor-h5.gif]
[developer.mozilla.org/skins/mdn/Transitional/img/bullet.png]
[developer.mozilla.org/skins/mdn/Transitional/img/bullet-sub.png]
[developer.mozilla.org/skins/mdn/_editor.css]
[developer.mozilla.org/skins/mdn/Transitional/_content.css]
[developer.mozilla.org/skins/common/custom_css.css]
[developer.mozilla.org/deki/scripts/res/syntax/SyntaxHighlighter.css]
[developer.mozilla.org/deki/scripts/res/syntax/shCore.js]
[developer.mozilla.org/en/JavaScript/Reference/About.html]
[developer.mozilla.org/deki/scripts/res/syntax/shBrushJScript.js]
[developer.mozilla.org/en/JavaScript/Reference/Global_Objects.html]
[developer.mozilla.org/en/JavaScript/Reference/Operators/Special_Operators/this_Operator.html]
[developer.mozilla.org/en/JavaScript/Reference/Global_Objects/Boolean/prototype.html]
[developer.mozilla.org/en/JavaScript/Reference/Global_Objects/Function/Arity.html]
[developer.mozilla.org/en/JavaScript/Reference/Global_Objects/Function/Caller.html]
[developer.mozilla.org/en/JavaScript/Reference/Global_Objects/Function/Constructor.html]
[developer.mozilla.org/en/JavaScript/Reference/Global_Objects/Function/Length.html]
[developer.mozilla.org/en/JavaScript/Reference/Global_Objects/Function/Name.html]
[developer.mozilla.org/en/JavaScript/Reference/Global_Objects/Function/Apply.html]
[developer.mozilla.org/en/JavaScript/Reference/Global_Objects/Function/Call.html]
[developer.mozilla.org/en/JavaScript/Reference/Global_Objects/Function/ToSource.html]
[developer.mozilla.org/en/JavaScript/Reference/Global_Objects/Function/ToString.html]
[developer.mozilla.org/en/JavaScript/Reference/Global_Objects/Boolean/constructor.html]
[developer.mozilla.org/en/JavaScript/Reference/Global_Objects/Object/Parent.html]
[developer.mozilla.org/en/JavaScript/Reference/Global_Objects/Object/Proto.html]
[developer.mozilla.org/en/JavaScript/Reference/Global_Objects/Boolean/toSource.html]
[developer.mozilla.org/en/JavaScript/Reference/Global_Objects/Object/toSource.html]
[developer.mozilla.org/en/JavaScript/Reference/Global_Objects/Boolean/toString.html]
[developer.mozilla.org/en/JavaScript/Reference/Global_Objects/Object/toString.html]
[developer.mozilla.org/en/JavaScript/Reference/Global_Objects/Boolean/valueOf.html]
[developer.mozilla.org/en/JavaScript/Reference/Global_Objects/Object/valueOf.html]
[developer.mozilla.org/en/JavaScript/Reference/Global_Objects/Object/DefineGetter.html]
[developer.mozilla.org/en/JavaScript/Reference/Global_Objects/Object/DefineSetter.html]
[developer.mozilla.org/en/JavaScript/Reference/Global_Objects/Object/Eval.html]
[developer.mozilla.org/en/JavaScript/Reference/Global_Objects/Object/HasOwnProperty.html]
[developer.mozilla.org/en/JavaScript/Reference/Global_Objects/Object/IsPrototypeOf.html]
[developer.mozilla.org/en/JavaScript/Reference/Global_Objects/Object/LookupGetter.html]
[developer.mozilla.org/en/JavaScript/Reference/Global_Objects/Object/LookupSetter.html]
[developer.mozilla.org/en/JavaScript/Reference/Global_Objects/Object/NoSuchMethod.html]
[developer.mozilla.org/en/JavaScript/Reference/Global_Objects/Object/PropertyIsEnumerable.html]
[developer.mozilla.org/en/JavaScript/Reference/Global_Objects/Object/ToLocaleString.html]
[developer.mozilla.org/en/JavaScript/Reference/Global_Objects/Object/Unwatch.html]
[developer.mozilla.org/en/JavaScript/Reference/Global_Objects/Boolean.html]
[developer.mozilla.org/en/JavaScript/Reference/Global_Objects/Object/Watch.html]
[developer.mozilla.org/en/JavaScript/Reference/Global_Objects/Number/MAX_VALUE.html]
[developer.mozilla.org/en/JavaScript/Reference/Global_Objects/Number/MIN_VALUE.html]
[developer.mozilla.org/en/JavaScript/Reference/Global_Objects/Number/NaN.html]
[developer.mozilla.org/en/JavaScript/Reference/Global_Objects/Number/NEGATIVE_INFINITY.html]
[developer.mozilla.org/en/JavaScript/Reference/Global_Objects/Number/POSITIVE_INFINITY.html]
[developer.mozilla.org/en/JavaScript/Reference/Global_Objects/Number/prototype.html]
[developer.mozilla.org/en/JavaScript/Reference/Global_Objects/Number/constructor.html]
[developer.mozilla.org/en/JavaScript/Reference/Global_Objects/Number/toExponential.html]
[developer.mozilla.org/en/JavaScript/Reference/Global_Objects/Number/toFixed.html]
[developer.mozilla.org/en/JavaScript/Reference/Global_Objects/Number/ToLocaleString.html]
[developer.mozilla.org/en/JavaScript/Reference/Global_Objects/Object/toLocaleString-2.html]
[developer.mozilla.org/en/JavaScript/Reference/Global_Objects/Number/toPrecision.html]
[developer.mozilla.org/en/JavaScript/Reference/Global_Objects/Number/toSource.html]
[developer.mozilla.org/en/JavaScript/Reference/Global_Objects/Number/toString.html]
[developer.mozilla.org/en/JavaScript/Reference/Global_Objects/Number.html]
[developer.mozilla.org/en/JavaScript/Reference/Global_Objects/Number/valueOf.html]
[developer.mozilla.org/en/JavaScript/Reference/Global_Objects/String/valueOf.html]
[developer.mozilla.org/en/JavaScript/Reference/Global_Objects/String/charAt.html]
[developer.mozilla.org/en/JavaScript/Reference/Global_Objects/String/localeCompare.html]
[developer.mozilla.org/en/JavaScript/Reference/Global_Objects/String/prototype.html]
[developer.mozilla.org/en/JavaScript/Reference/Global_Objects/String/fromCharCode.html]
[developer.mozilla.org/en/JavaScript/Reference/Global_Objects/String/constructor.html]
[developer.mozilla.org/en/JavaScript/Reference/Global_Objects/String/length.html]
[developer.mozilla.org/en/JavaScript/Reference/Global_Objects/String/charCodeAt.html]
[developer.mozilla.org/en/JavaScript/Reference/Global_Objects/String/concat.html]
[developer.mozilla.org/en/JavaScript/Reference/Global_Objects/String/indexOf.html]
[developer.mozilla.org/en/JavaScript/Reference/Global_Objects/String/lastIndexOf.html]
[developer.mozilla.org/en/JavaScript/Reference/Global_Objects/String/match.html]
[developer.mozilla.org/en/JavaScript/Reference/Global_Objects/String/quote.html]
[developer.mozilla.org/en/JavaScript/Reference/Global_Objects/String/replace.html]
[developer.mozilla.org/en/JavaScript/Reference/Global_Objects/String/search.html]
[developer.mozilla.org/en/JavaScript/Reference/Global_Objects/String/slice.html]
[developer.mozilla.org/en/JavaScript/Reference/Global_Objects/String/split.html]
[developer.mozilla.org/en/JavaScript/Reference/Global_Objects/String/substr.html]
[developer.mozilla.org/en/JavaScript/Reference/Global_Objects/String/substring.html]
[developer.mozilla.org/en/JavaScript/Reference/Global_Objects/String/toLocaleLowerCase.html]
[developer.mozilla.org/en/JavaScript/Reference/Global_Objects/String/toLowerCase.html]
[developer.mozilla.org/en/JavaScript/Reference/Global_Objects/String/toLocaleUpperCase.html]
[developer.mozilla.org/en/JavaScript/Reference/Global_Objects/String/toUpperCase.html]
[developer.mozilla.org/en/JavaScript/Reference/Global_Objects/String/toSource.html]
[developer.mozilla.org/en/JavaScript/Reference/Global_Objects/String/toString.html]
[developer.mozilla.org/en/JavaScript/Reference/Global_Objects/String/Trim.html]
[developer.mozilla.org/en/JavaScript/Reference/Global_Objects/String/TrimLeft.html]
[developer.mozilla.org/en/JavaScript/Reference/Global_Objects/String/TrimRight.html]
[developer.mozilla.org/en/JavaScript/Reference/Global_Objects/String/anchor.html]
[developer.mozilla.org/en/JavaScript/Reference/Global_Objects/String/big.html]
[developer.mozilla.org/en/JavaScript/Reference/Global_Objects/String/blink.html]
[developer.mozilla.org/en/JavaScript/Reference/Global_Objects/String/bold.html]
[developer.mozilla.org/en/JavaScript/Reference/Global_Objects/String/fixed.html]
[developer.mozilla.org/en/JavaScript/Reference/Global_Objects/String/fontcolor.html]
[developer.mozilla.org/en/JavaScript/Reference/Global_Objects/String/fontsize.html]
[developer.mozilla.org/en/JavaScript/Reference/Global_Objects/String/italics.html]
[developer.mozilla.org/en/JavaScript/Reference/Global_Objects/String/link.html]
[developer.mozilla.org/en/JavaScript/Reference/Global_Objects/String/small.html]
[developer.mozilla.org/en/JavaScript/Reference/Global_Objects/String/strike.html]
[developer.mozilla.org/en/JavaScript/Reference/Global_Objects/String/sub.html]
[developer.mozilla.org/en/JavaScript/Reference/Global_Objects/String.html]
[developer.mozilla.org/en/JavaScript/Reference/Global_Objects/String/sup.html]
[developer.mozilla.org/en/JavaScript/Reference/Global_Objects/Array/prototype.html]
[developer.mozilla.org/en/JavaScript/Reference/Global_Objects/Array/isArray.html]
[developer.mozilla.org/en/JavaScript/Reference/Global_Objects/Array/constructor.html]
[developer.mozilla.org/en/JavaScript/Reference/Global_Objects/Array/index.html]
[developer.mozilla.org/en/JavaScript/Reference/Global_Objects/Array/input.html]
[developer.mozilla.org/en/JavaScript/Reference/Global_Objects/Array/length.html]
[developer.mozilla.org/en/JavaScript/Reference/Global_Objects/Object/ToSource-2.html]
[developer.mozilla.org/en/JavaScript/Reference/Global_Objects/Object/ToString-2.html]
[developer.mozilla.org/en/JavaScript/Reference/Global_Objects/Object/ValueOf-2.html]
[developer.mozilla.org/en/JavaScript/Reference/Global_Objects/Array/pop.html]
[developer.mozilla.org/en/JavaScript/Reference/Global_Objects/Array/push.html]
[developer.mozilla.org/en/JavaScript/Reference/Global_Objects/Array/reverse.html]
[developer.mozilla.org/en/JavaScript/Reference/Global_Objects/Array/shift.html]
[developer.mozilla.org/en/JavaScript/Reference/Global_Objects/Array/sort.html]
[developer.mozilla.org/en/JavaScript/Reference/Global_Objects/Array/splice.html]
[developer.mozilla.org/en/JavaScript/Reference/Global_Objects/Array/unshift.html]
[developer.mozilla.org/en/JavaScript/Reference/Global_Objects/Array/concat.html]
[developer.mozilla.org/en/JavaScript/Reference/Global_Objects/Array/join.html]
[developer.mozilla.org/en/JavaScript/Reference/Global_Objects/Array/slice.html]
[developer.mozilla.org/en/JavaScript/Reference/Global_Objects/Array/toSource.html]
[developer.mozilla.org/en/JavaScript/Reference/Global_Objects/Array/toString.html]
[developer.mozilla.org/en/JavaScript/Reference/Global_Objects/Array/indexOf.html]
[developer.mozilla.org/en/JavaScript/Reference/Global_Objects/Array/lastIndexOf.html]
[developer.mozilla.org/en/JavaScript/Reference/Global_Objects/Array/filter.html]
[developer.mozilla.org/en/JavaScript/Reference/Global_Objects/Array/forEach.html]
[developer.mozilla.org/en/JavaScript/Reference/Global_Objects/Array/every.html]
[developer.mozilla.org/en/JavaScript/Reference/Global_Objects/Array/map.html]
[developer.mozilla.org/en/JavaScript/Reference/Global_Objects/Array/some.html]
[developer.mozilla.org/en/JavaScript/Reference/Global_Objects/Array/Reduce.html]
[developer.mozilla.org/en/JavaScript/Reference/Global_Objects/Array.html]
[developer.mozilla.org/en/JavaScript/Reference/Global_Objects/Array/ReduceRight.html]
[developer.mozilla.org/en/JavaScript/Reference/Global_Objects/Object/prototype.html]
[developer.mozilla.org/en/JavaScript/Reference/Global_Objects/Object/create.html]
[developer.mozilla.org/en/JavaScript/Reference/Global_Objects/Object/defineProperty.html]
[developer.mozilla.org/en/JavaScript/Reference/Global_Objects/Object/defineProperties.html]
[developer.mozilla.org/en/JavaScript/Reference/Global_Objects/Object/getOwnPropertyDescriptor.html]
[developer.mozilla.org/en/JavaScript/Reference/Global_Objects/Object/keys.html]
[developer.mozilla.org/en/JavaScript/Reference/Global_Objects/Object/getOwnPropertyNames.html]
[developer.mozilla.org/en/JavaScript/Reference/Global_Objects/Object/GetPrototypeOf.html]
[developer.mozilla.org/en/JavaScript/Reference/Global_Objects/Object/preventExtensions.html]
[developer.mozilla.org/en/JavaScript/Reference/Global_Objects/Object/isExtensible.html]
[developer.mozilla.org/en/JavaScript/Reference/Global_Objects/Object/seal.html]
[developer.mozilla.org/en/JavaScript/Reference/Global_Objects/Object/isSealed.html]
[developer.mozilla.org/en/JavaScript/Reference/Global_Objects/Object/freeze.html]
[developer.mozilla.org/en/JavaScript/Reference/Global_Objects/Object/isFrozen.html]
[developer.mozilla.org/en/JavaScript/Reference/Global_Objects/Object/constructor.html]
[developer.mozilla.org/en/JavaScript/Reference/Global_Objects/Object/proto-2.html]
[developer.mozilla.org/en/JavaScript/Reference/Global_Objects/Object/defineGetter-2.html]
[developer.mozilla.org/en/JavaScript/Reference/Global_Objects/Object/defineSetter-2.html]
[developer.mozilla.org/en/JavaScript/Reference/Global_Objects/Object/eval-2.html]
[developer.mozilla.org/en/JavaScript/Reference/Global_Objects/Object/hasOwnProperty-2.html]
[developer.mozilla.org/en/JavaScript/Reference/Global_Objects/Object/isPrototypeOf-2.html]
[developer.mozilla.org/en/JavaScript/Reference/Global_Objects/Object/lookupGetter-2.html]
[developer.mozilla.org/en/JavaScript/Reference/Global_Objects/Object/lookupSetter-2.html]
[developer.mozilla.org/en/JavaScript/Reference/Global_Objects/Object/noSuchMethod-2.html]
[developer.mozilla.org/en/JavaScript/Reference/Global_Objects/Object/propertyIsEnumerable-2.html]
[developer.mozilla.org/en/JavaScript/Reference/Global_Objects/Object/unwatch-2.html]
[developer.mozilla.org/en/JavaScript/Reference/Global_Objects/Object.html]
[developer.mozilla.org/en/JavaScript/Reference/Global_Objects/Object/watch-2.html]
[developer.mozilla.org/en/JavaScript/Reference/Global_Objects/Function/prototype.html]
[developer.mozilla.org/en/JavaScript/Reference/Global_Objects/Function/arguments.html]
[developer.mozilla.org/en/JavaScript/Reference/Global_Objects/Function/arity-2.html]
[developer.mozilla.org/en/JavaScript/Reference/Global_Objects/Function/length-2.html]
[developer.mozilla.org/en/JavaScript/Reference/Global_Objects/Function/caller-2.html]
[developer.mozilla.org/en/JavaScript/Reference/Global_Objects/Function/constructor-2.html]
[developer.mozilla.org/en/JavaScript/Reference/Global_Objects/Function/name-2.html]
[developer.mozilla.org/en/JavaScript/Reference/Global_Objects/Function/apply-2.html]
[developer.mozilla.org/en/JavaScript/Reference/Global_Objects/Function/bind.html]
[developer.mozilla.org/en/JavaScript/Reference/Global_Objects/Function/call-2.html]
[developer.mozilla.org/en/JavaScript/Reference/Global_Objects/Function/toSource-2.html]
[developer.mozilla.org/en/JavaScript/Reference/Global_Objects/Function.html]
[developer.mozilla.org/en/JavaScript/Reference/Global_Objects/Function/toString-2.html]
[developer.mozilla.org/en/JavaScript/Reference/Global_Objects/RegExp/prototype.html]
[developer.mozilla.org/en/JavaScript/Reference/Global_Objects/RegExp/exec.html]
[developer.mozilla.org/en/JavaScript/Reference/Global_Objects/RegExp/constructor.html]
[developer.mozilla.org/en/JavaScript/Reference/Global_Objects/RegExp/global.html]
[developer.mozilla.org/en/JavaScript/Reference/Global_Objects/RegExp/ignoreCase.html]
[developer.mozilla.org/en/JavaScript/Reference/Global_Objects/RegExp/lastIndex.html]
[developer.mozilla.org/en/JavaScript/Reference/Global_Objects/RegExp/multiline.html]
[developer.mozilla.org/en/JavaScript/Reference/Global_Objects/RegExp/source.html]
[developer.mozilla.org/en/JavaScript/Reference/Global_Objects/RegExp/test.html]
[developer.mozilla.org/en/JavaScript/Reference/Global_Objects/RegExp/toSource.html]
[developer.mozilla.org/en/JavaScript/Reference/Global_Objects/RegExp.html]
[developer.mozilla.org/en/JavaScript/Reference/Global_Objects/RegExp/toString.html]
[developer.mozilla.org/en/JavaScript/Reference/Global_Objects/Date/parse.html]
[developer.mozilla.org/en/JavaScript/Reference/Global_Objects/Date/prototype.html]
[developer.mozilla.org/en/JavaScript/Reference/Global_Objects/Date/now.html]
[developer.mozilla.org/en/JavaScript/Reference/Global_Objects/Date/UTC.html]
[developer.mozilla.org/en/JavaScript/Reference/Global_Objects/Date/getFullYear.html]
[developer.mozilla.org/en/JavaScript/Reference/Global_Objects/Date/setFullYear.html]
[developer.mozilla.org/en/JavaScript/Reference/Global_Objects/Date/getUTCFullYear.html]
[developer.mozilla.org/en/JavaScript/Reference/Global_Objects/Date/setUTCFullYear.html]
[developer.mozilla.org/en/JavaScript/Reference/Global_Objects/Date/constructor.html]
[developer.mozilla.org/en/JavaScript/Reference/Global_Objects/Date/getDate.html]
[developer.mozilla.org/en/JavaScript/Reference/Global_Objects/Date/getDay.html]
[developer.mozilla.org/en/JavaScript/Reference/Global_Objects/Date/getHours.html]
[developer.mozilla.org/en/JavaScript/Reference/Global_Objects/Date/getMilliseconds.html]
[developer.mozilla.org/en/JavaScript/Reference/Global_Objects/Date/getMinutes.html]
[developer.mozilla.org/en/JavaScript/Reference/Global_Objects/Date/getMonth.html]
[developer.mozilla.org/en/JavaScript/Reference/Global_Objects/Date/getSeconds.html]
[developer.mozilla.org/en/JavaScript/Reference/Global_Objects/Date/getTime.html]
[developer.mozilla.org/en/JavaScript/Reference/Global_Objects/Date/getTimezoneOffset.html]
[developer.mozilla.org/en/JavaScript/Reference/Global_Objects/Date/getUTCDate.html]
[developer.mozilla.org/en/JavaScript/Reference/Global_Objects/Date/getUTCDay.html]
[developer.mozilla.org/en/JavaScript/Reference/Global_Objects/Date/getUTCHours.html]
[developer.mozilla.org/en/JavaScript/Reference/Global_Objects/Date/getUTCMilliseconds.html]
[developer.mozilla.org/en/JavaScript/Reference/Global_Objects/Date/getUTCMinutes.html]
[developer.mozilla.org/en/JavaScript/Reference/Global_Objects/Date/getUTCMonth.html]
[developer.mozilla.org/en/JavaScript/Reference/Global_Objects/Date/getUTCSeconds.html]
[developer.mozilla.org/en/JavaScript/Reference/Global_Objects/Date/getYear.html]
[developer.mozilla.org/en/JavaScript/Reference/Global_Objects/Date/setDate.html]
[developer.mozilla.org/en/JavaScript/Reference/Global_Objects/Date/setHours.html]
[developer.mozilla.org/en/JavaScript/Reference/Global_Objects/Date/setMilliseconds.html]
[developer.mozilla.org/en/JavaScript/Reference/Global_Objects/Date/setMinutes.html]
[developer.mozilla.org/en/JavaScript/Reference/Global_Objects/Date/setMonth.html]
[developer.mozilla.org/en/JavaScript/Reference/Global_Objects/Date/setSeconds.html]
[developer.mozilla.org/en/JavaScript/Reference/Global_Objects/Date/setTime.html]
[developer.mozilla.org/en/JavaScript/Reference/Global_Objects/Date/setUTCDate.html]
[developer.mozilla.org/en/JavaScript/Reference/Global_Objects/Date/setUTCHours.html]
[developer.mozilla.org/en/JavaScript/Reference/Global_Objects/Date/setUTCMilliseconds.html]
[developer.mozilla.org/en/JavaScript/Reference/Global_Objects/Date/setUTCMinutes.html]
[developer.mozilla.org/en/JavaScript/Reference/Global_Objects/Date/setUTCMonth.html]
[developer.mozilla.org/en/JavaScript/Reference/Global_Objects/Date/setUTCSeconds.html]
[developer.mozilla.org/en/JavaScript/Reference/Global_Objects/Date/setYear.html]
[developer.mozilla.org/en/JavaScript/Reference/Global_Objects/Date/toDateString.html]
[developer.mozilla.org/en/JavaScript/Reference/Global_Objects/Date/toJSON.html]
[developer.mozilla.org/en/JavaScript/Reference/Global_Objects/Date/toGMTString.html]
[developer.mozilla.org/en/JavaScript/Reference/Global_Objects/Date/toUTCString.html]
[developer.mozilla.org/en/JavaScript/Reference/Global_Objects/Date/toLocaleDateString.html]
[developer.mozilla.org/en/JavaScript/Reference/Global_Objects/Date/toLocaleFormat.html]
[developer.mozilla.org/en/JavaScript/Reference/Global_Objects/Date/toLocaleString.html]
[developer.mozilla.org/en/JavaScript/Reference/Global_Objects/Date/toLocaleTimeString.html]
[developer.mozilla.org/en/JavaScript/Reference/Global_Objects/Date/toSource.html]
[developer.mozilla.org/en/JavaScript/Reference/Global_Objects/Date/toString.html]
[developer.mozilla.org/en/JavaScript/Reference/Global_Objects/Date/toTimeString.html]
[developer.mozilla.org/en/JavaScript/Reference/Global_Objects/Date.html]
[developer.mozilla.org/en/JavaScript/Reference/Global_Objects/Date/valueOf.html]
[developer.mozilla.org/en/JavaScript/Reference/Global_Objects/Error/prototype.html]
[developer.mozilla.org/en/JavaScript/Reference/Global_Objects/Error/constructor.html]
[developer.mozilla.org/en/JavaScript/Reference/Global_Objects/Error/message.html]
[developer.mozilla.org/en/JavaScript/Reference/Global_Objects/Error/name.html]
[developer.mozilla.org/en/JavaScript/Reference/Global_Objects/Error/Stack.html]
[developer.mozilla.org/en/JavaScript/Reference/Global_Objects/Error/toSource.html]
[developer.mozilla.org/en/JavaScript/Reference/Global_Objects/Error/toString.html]
[developer.mozilla.org/en/JavaScript/Reference/Global_Objects/Error.html]
[developer.mozilla.org/en/JavaScript/Reference/Operators/Special_Operators/instanceof_Operator.html]
[developer.mozilla.org/en/JavaScript/Reference/Global_Objects/EvalError/prototype.html]
[developer.mozilla.org/en/JavaScript/Reference/Global_Objects/EvalError/constructor.html]
[developer.mozilla.org/en/JavaScript/Reference/Global_Objects/EvalError.html]
[developer.mozilla.org/en/JavaScript/Reference/Global_Objects/EvalError/name.html]
[developer.mozilla.org/en/JavaScript/Reference/Global_Objects/RangeError/prototype.html]
[developer.mozilla.org/en/JavaScript/Reference/Global_Objects/RangeError/constructor.html]
[developer.mozilla.org/en/JavaScript/Reference/Global_Objects/RangeError.html]
[developer.mozilla.org/en/JavaScript/Reference/Global_Objects/RangeError/name.html]
[developer.mozilla.org/en/JavaScript/Reference/Global_Objects/ReferenceError/prototype.html]
[developer.mozilla.org/en/JavaScript/Reference/Global_Objects/ReferenceError/constructor.html]
[developer.mozilla.org/en/JavaScript/Reference/Global_Objects/ReferenceError.html]
[developer.mozilla.org/en/JavaScript/Reference/Global_Objects/ReferenceError/name.html]
[developer.mozilla.org/en/JavaScript/Reference/Global_Objects/SyntaxError/prototype.html]
[developer.mozilla.org/en/JavaScript/Reference/Global_Objects/SyntaxError/constructor.html]
[developer.mozilla.org/en/JavaScript/Reference/Global_Objects/SyntaxError.html]
[developer.mozilla.org/en/JavaScript/Reference/Global_Objects/SyntaxError/name.html]
[developer.mozilla.org/en/JavaScript/Reference/Global_Objects/TypeError/prototype.html]
[developer.mozilla.org/en/JavaScript/Reference/Global_Objects/TypeError/constructor.html]
[developer.mozilla.org/en/JavaScript/Reference/Global_Objects/TypeError.html]
[developer.mozilla.org/en/JavaScript/Reference/Global_Objects/TypeError/name.html]
[developer.mozilla.org/en/JavaScript/Reference/Global_Objects/URIError/prototype.html]
[developer.mozilla.org/en/JavaScript/Reference/Global_Objects/URIError/constructor.html]
[developer.mozilla.org/en/JavaScript/Reference/Global_Objects/URIError.html]
[developer.mozilla.org/en/JavaScript/Reference/Global_Objects/URIError/name.html]
[developer.mozilla.org/en/JavaScript/Reference/Global_Objects/decodeURI.html]
[developer.mozilla.org/en/JavaScript/Reference/Global_Objects/decodeURIComponent.html]
[developer.mozilla.org/en/JavaScript/Reference/Global_Objects/encodeURI.html]
[developer.mozilla.org/en/JavaScript/Reference/Global_Objects/encodeURIComponent.html]
[developer.mozilla.org/en/JavaScript/Reference/Global_Objects/eval.html]
[developer.mozilla.org/en/JavaScript/Reference/Global_Objects/isFinite.html]
[developer.mozilla.org/en/JavaScript/Reference/Global_Objects/isNaN.html]
[developer.mozilla.org/en/JavaScript/Reference/Global_Objects/parseFloat.html]
[developer.mozilla.org/en/JavaScript/Reference/Global_Objects/parseInt.html]
[developer.mozilla.org/en/JavaScript/Reference/Global_Objects/Infinity.html]
[developer.mozilla.org/en/JavaScript/Reference/Global_Objects/Math/E.html]
[developer.mozilla.org/en/JavaScript/Reference/Global_Objects/Math/LN2.html]
[developer.mozilla.org/en/JavaScript/Reference/Global_Objects/Math/LN10.html]
[developer.mozilla.org/en/JavaScript/Reference/Global_Objects/Math/LOG2E.html]
[developer.mozilla.org/en/JavaScript/Reference/Global_Objects/Math/LOG10E.html]
[developer.mozilla.org/en/JavaScript/Reference/Global_Objects/Math/PI.html]
[developer.mozilla.org/en/JavaScript/Reference/Global_Objects/Math/SQRT1_2.html]
[developer.mozilla.org/en/JavaScript/Reference/Global_Objects/Math/SQRT2.html]
[developer.mozilla.org/en/JavaScript/Reference/Global_Objects/Object/Constructor-2.html]
[developer.mozilla.org/en/JavaScript/Reference/Global_Objects/Math/abs.html]
[developer.mozilla.org/en/JavaScript/Reference/Global_Objects/Math/acos.html]
[developer.mozilla.org/en/JavaScript/Reference/Global_Objects/Math/asin.html]
[developer.mozilla.org/en/JavaScript/Reference/Global_Objects/Math/atan.html]
[developer.mozilla.org/en/JavaScript/Reference/Global_Objects/Math/atan2.html]
[developer.mozilla.org/en/JavaScript/Reference/Global_Objects/Math/ceil.html]
[developer.mozilla.org/en/JavaScript/Reference/Global_Objects/Math/cos.html]
[developer.mozilla.org/en/JavaScript/Reference/Global_Objects/Math/exp.html]
[developer.mozilla.org/en/JavaScript/Reference/Global_Objects/Math/floor.html]
[developer.mozilla.org/en/JavaScript/Reference/Global_Objects/Math/log.html]
[developer.mozilla.org/en/JavaScript/Reference/Global_Objects/Math/max.html]
[developer.mozilla.org/en/JavaScript/Reference/Global_Objects/Math/min.html]
[developer.mozilla.org/en/JavaScript/Reference/Global_Objects/Math/pow.html]
[developer.mozilla.org/en/JavaScript/Reference/Global_Objects/Math/random.html]
[developer.mozilla.org/en/JavaScript/Reference/Global_Objects/Math/round.html]
[developer.mozilla.org/en/JavaScript/Reference/Global_Objects/Math/sin.html]
[developer.mozilla.org/en/JavaScript/Reference/Global_Objects/Math/sqrt.html]
[developer.mozilla.org/en/JavaScript/Reference/Global_Objects/Math/tan.html]
[developer.mozilla.org/en/JavaScript/Reference/Global_Objects/Math.html]
[developer.mozilla.org/en/JavaScript/Reference/Global_Objects/NaN.html]
[developer.mozilla.org/en/JavaScript/Reference/Global_Objects/undefined.html]
[developer.mozilla.org/en/JavaScript/Reference/Operators/Special_Operators/typeof_Operator.html]
[developer.mozilla.org/deki/scripts/res/syntax/shBrushXml.js]
[developer.mozilla.org/en/JavaScript/Reference/Functions_and_function_scope/arguments/callee.html]
[developer.mozilla.org/en/JavaScript/Reference/Functions_and_function_scope/arguments/caller.html]
[developer.mozilla.org/en/JavaScript/Reference/Functions_and_function_scope.html]
[developer.mozilla.org/en/JavaScript/Reference/Functions_and_function_scope/arguments/length.html]
[developer.mozilla.org/en/JavaScript/Reference/Functions_and_function_scope/arguments.html]
[developer.mozilla.org/en/JavaScript/Reference/Statements.html]
[developer.mozilla.org/en/JavaScript/Reference/Statements/block.html]
[developer.mozilla.org/en/JavaScript/Reference/Statements/break.html]
[developer.mozilla.org/en/JavaScript/Reference/Statements/const.html]
[developer.mozilla.org/en/JavaScript/Reference/Statements/continue.html]
[developer.mozilla.org/en/JavaScript/Reference/Statements/do...html]
[developer.mozilla.org/en/JavaScript/Reference/Statements/export.html]
[developer.mozilla.org/en/JavaScript/Reference/Statements/for.html]
[developer.mozilla.org/en/JavaScript/Reference/Statements/for...html]
[developer.mozilla.org/en/JavaScript/Reference/Statements/for_each...html]
[developer.mozilla.org/en/JavaScript/Reference/Statements/function.html]
[developer.mozilla.org/en/JavaScript/Reference/Statements/if...html]
[developer.mozilla.org/en/JavaScript/Reference/Statements/import.html]
[developer.mozilla.org/en/JavaScript/Reference/Statements/label.html]
[developer.mozilla.org/en/JavaScript/Reference/Statements/let.html]
[developer.mozilla.org/en/JavaScript/Reference/Statements/return.html]
[developer.mozilla.org/en/JavaScript/Reference/Statements/switch.html]
[developer.mozilla.org/en/JavaScript/Reference/Statements/throw.html]
[developer.mozilla.org/en/JavaScript/Reference/Statements/try...html]
[developer.mozilla.org/en/JavaScript/Reference/Statements/var.html]
[developer.mozilla.org/en/JavaScript/Reference/Statements/while.html]
[developer.mozilla.org/en/JavaScript/Reference/Statements/with.html]
[developer.mozilla.org/en/JavaScript/Reference/Operators.html]
[developer.mozilla.org/en/JavaScript/Reference/Operators/Arithmetic_Operators.html]
[developer.mozilla.org/en/JavaScript/Reference/Operators/Assignment_Operators.html]
[developer.mozilla.org/en/JavaScript/Reference/Operators/Bitwise_Operators.html]
[developer.mozilla.org/en/JavaScript/Reference/Operators/Comparison_Operators.html]
[developer.mozilla.org/en/JavaScript/Reference/Operators/Logical_Operators.html]
[developer.mozilla.org/en/JavaScript/Reference/Operators/String_Operators.html]
[developer.mozilla.org/en/JavaScript/Reference/Operators/Member_Operators.html]
[developer.mozilla.org/en/JavaScript/Reference/Operators/Special/Conditional_Operator.html]
[developer.mozilla.org/en/JavaScript/Reference/Operators/Special/Comma_Operator.html]
[developer.mozilla.org/en/JavaScript/Reference/Operators/Special/delete.html]
[developer.mozilla.org/en/JavaScript/Reference/Operators/Special/function.html]
[developer.mozilla.org/en/JavaScript/Reference/Operators/Special.html]
[developer.mozilla.org/en/JavaScript/Reference/Operators/Special_Operators/delete.html]
[developer.mozilla.org/en/JavaScript/Reference/Operators/Special/get.html]
[developer.mozilla.org/en/JavaScript/Reference/Operators/Special/in.html]
[developer.mozilla.org/en/JavaScript/Reference/Operators/Special_Operators/set_Operator.html]
[developer.mozilla.org/en/JavaScript/Reference/Operators/Special/instanceof.html]
[developer.mozilla.org/en/JavaScript/Reference/Operators/Special/new.html]
[developer.mozilla.org/en/JavaScript/Reference/Operators/Special/set.html]
[developer.mozilla.org/en/JavaScript/Reference/Operators/Special/this.html]
[developer.mozilla.org/en/JavaScript/Reference/Operators/Special/typeof.html]
[developer.mozilla.org/en/JavaScript/Reference/Operators/Special/void.html]
[developer.mozilla.org/en/JavaScript/Reference/Operators/Operator_Precedence.html]
[developer.mozilla.org/en/JavaScript/Reference/Comments/comment.html]
[developer.mozilla.org/en/JavaScript/Reference/Reserved_Words.html]
[developer.mozilla.org/en/JavaScript/Reference/Deprecated_Features.html]
[developer.mozilla.org/skins/mdn/Transitional/js/jquery.hoverIntent.minified.js]
[developer.mozilla.org/skins/mdn/Transitional/js/superfish.js]
[developer.mozilla.org/skins/mdn/Transitional/js/javascript.js]
[developer.mozilla.org/skins/mdn/Transitional/js/gsearch.js]
[developer.mozilla.org/skins/mdn/Transitional/js/webtrends.js]
[developer.mozilla.org/favicon.ico]
[developer.mozilla.org/skins/common/images/icons/aifc-16.html]
[developer.mozilla.org/skins/common/images/icons/mpeg-16.html]
[developer.mozilla.org/skins/common/images/icons/smd-16.html]
[developer.mozilla.org/skins/common/images/icons/tiff-16.html]
[developer.mozilla.org/skins/mdn/Transitional/fonts/League_Gothic-webfont.svg]
[developer.mozilla.org/skins/mdn/Transitional/img/bg-sidebar.html]
[developer.mozilla.org/skins/mdn/Transitional/img/icons-sections.html]
[developer.mozilla.org/skins/mdn/Transitional/img/tip-bg.html]
[developer.mozilla.org/skins/mdn/Transitional/img/icons/comment_edit.html]
[developer.mozilla.org/skins/mdn/Transitional/img/icons/comment_delete.html]
[developer.mozilla.org/skins/mdn/_edcontent.css]
[developer.mozilla.org/skins/mdn/img/tip-bg.html]
[developer.mozilla.org/skins/mdn/Transitional/Transitional/img/bullet.html]
[developer.mozilla.org/skins/mdn/Transitional/Transitional/img/bullet-sub.html]
[developer.mozilla.org/skins/common/img/toc-bg.html]
[developer.mozilla.org/deki/scripts/res/syntax/SyntaxHighlighter.css]
[developer.mozilla.org/deki/scripts/res/syntax/shCore.js]
[developer.mozilla.org/deki/scripts/res/syntax/shBrushJScript.js]
[developer.mozilla.org/en/JavaScript/Reference/Operators/Special_Operators/this_Operator.html]
[developer.mozilla.org/en/JavaScript/Reference/Global_Objects/Boolean/prototype.html]
[developer.mozilla.org/en/JavaScript/Reference/Global_Objects/Function/Arity.html]
[developer.mozilla.org/en/JavaScript/Reference/Global_Objects/Function/Caller.html]
[developer.mozilla.org/en/JavaScript/Reference/Global_Objects/Function/Constructor.html]
[developer.mozilla.org/en/JavaScript/Reference/Global_Objects/Function/Length.html]
[developer.mozilla.org/en/JavaScript/Reference/Global_Objects/Function/Name.html]
[developer.mozilla.org/en/JavaScript/Reference/Global_Objects/Function/Apply.html]
[developer.mozilla.org/en/JavaScript/Reference/Global_Objects/Function/Call.html]
[developer.mozilla.org/en/JavaScript/Reference/Global_Objects/Function/ToSource.html]
[developer.mozilla.org/en/JavaScript/Reference/Global_Objects/Function/ToString.html]
[developer.mozilla.org/en/JavaScript/Reference/Global_Objects/Boolean/constructor.html]
[developer.mozilla.org/en/JavaScript/Reference/Global_Objects/Object/Parent.html]
[developer.mozilla.org/en/JavaScript/Reference/Global_Objects/Object/Proto.html]
[developer.mozilla.org/en/JavaScript/Reference/Global_Objects/Boolean/toSource.html]
[developer.mozilla.org/en/JavaScript/Reference/Global_Objects/Object/toSource.html]
[developer.mozilla.org/en/JavaScript/Reference/Global_Objects/Boolean/toString.html]
[developer.mozilla.org/en/JavaScript/Reference/Global_Objects/Object/toString.html]
[developer.mozilla.org/en/JavaScript/Reference/Global_Objects/Boolean/valueOf.html]
[developer.mozilla.org/en/JavaScript/Reference/Global_Objects/Object/valueOf.html]
[developer.mozilla.org/en/JavaScript/Reference/Global_Objects/Object/DefineGetter.html]
[developer.mozilla.org/en/JavaScript/Reference/Operators/Special_Operators/get_Operator.html]
[developer.mozilla.org/en/JavaScript/Reference/Global_Objects/Object/DefineSetter.html]
[developer.mozilla.org/en/JavaScript/Reference/Global_Objects/Object/Eval.html]
[developer.mozilla.org/en/JavaScript/Reference/Global_Objects/Object/HasOwnProperty.html]
[developer.mozilla.org/en/JavaScript/Reference/Global_Objects/Object/IsPrototypeOf.html]
[developer.mozilla.org/en/JavaScript/Reference/Global_Objects/Object/LookupGetter.html]
[developer.mozilla.org/en/JavaScript/Reference/Global_Objects/Object/LookupSetter.html]
[developer.mozilla.org/en/JavaScript/Reference/Global_Objects/Object/NoSuchMethod.html]
[developer.mozilla.org/en/JavaScript/Reference/Global_Objects/Object/PropertyIsEnumerable.html]
[developer.mozilla.org/en/JavaScript/Reference/Global_Objects/Object/ToLocaleString.html]
[developer.mozilla.org/en/JavaScript/Reference/Global_Objects/Object/Unwatch.html]
[developer.mozilla.org/en/JavaScript/Reference/Global_Objects/Object/Watch.html]
[developer.mozilla.org/en/JavaScript/Reference/Global_Objects/Number/MAX_VALUE.html]
[developer.mozilla.org/en/JavaScript/Reference/Global_Objects/Number/MIN_VALUE.html]
[developer.mozilla.org/en/JavaScript/Reference/Global_Objects/Number/NaN.html]
[developer.mozilla.org/en/JavaScript/Reference/Global_Objects/Number/NEGATIVE_INFINITY.html]
[developer.mozilla.org/en/JavaScript/Reference/Global_Objects/Number/POSITIVE_INFINITY.html]
[developer.mozilla.org/en/JavaScript/Reference/Global_Objects/Number/prototype.html]
[developer.mozilla.org/en/JavaScript/Reference/Global_Objects/Number/constructor.html]
[developer.mozilla.org/en/JavaScript/Reference/Global_Objects/Number/toExponential.html]
[developer.mozilla.org/en/JavaScript/Reference/Global_Objects/Number/toFixed.html]
[developer.mozilla.org/en/JavaScript/Reference/Global_Objects/Number/ToLocaleString.html]
[developer.mozilla.org/en/JavaScript/Reference/Global_Objects/Object/toLocaleString-2.html]
[developer.mozilla.org/en/JavaScript/Reference/Global_Objects/Number/toPrecision.html]
[developer.mozilla.org/en/JavaScript/Reference/Global_Objects/Number/toSource.html]
[developer.mozilla.org/en/JavaScript/Reference/Global_Objects/Number/toString.html]
[developer.mozilla.org/en/JavaScript/Reference/Global_Objects/Number/valueOf.html]
[developer.mozilla.org/en/JavaScript/Reference/Global_Objects/String/valueOf.html]
[developer.mozilla.org/en/JavaScript/Reference/Global_Objects/String/charAt.html]
[developer.mozilla.org/en/JavaScript/Reference/Global_Objects/String/localeCompare.html]
[developer.mozilla.org/en/JavaScript/Reference/Global_Objects/String/prototype.html]
[developer.mozilla.org/en/JavaScript/Reference/Global_Objects/String/fromCharCode.html]
[developer.mozilla.org/en/JavaScript/Reference/Global_Objects/String/constructor.html]
[developer.mozilla.org/en/JavaScript/Reference/Global_Objects/String/length.html]
[developer.mozilla.org/en/JavaScript/Reference/Global_Objects/String/charCodeAt.html]
[developer.mozilla.org/en/JavaScript/Reference/Global_Objects/String/concat.html]
[developer.mozilla.org/en/JavaScript/Reference/Global_Objects/String/indexOf.html]
[developer.mozilla.org/en/JavaScript/Reference/Global_Objects/String/lastIndexOf.html]
[developer.mozilla.org/en/JavaScript/Reference/Global_Objects/String/match.html]
[developer.mozilla.org/en/JavaScript/Reference/Global_Objects/String/quote.html]
[developer.mozilla.org/en/JavaScript/Reference/Global_Objects/String/replace.html]
[developer.mozilla.org/en/JavaScript/Reference/Global_Objects/String/search.html]
[developer.mozilla.org/en/JavaScript/Reference/Global_Objects/String/slice.html]
[developer.mozilla.org/en/JavaScript/Reference/Global_Objects/String/split.html]
[developer.mozilla.org/en/JavaScript/Reference/Global_Objects/String/substr.html]
[developer.mozilla.org/en/JavaScript/Reference/Global_Objects/String/substring.html]
[developer.mozilla.org/en/JavaScript/Reference/Global_Objects/String/toLocaleLowerCase.html]
[developer.mozilla.org/en/JavaScript/Reference/Global_Objects/String/toLowerCase.html]
[developer.mozilla.org/en/JavaScript/Reference/Global_Objects/String/toLocaleUpperCase.html]
[developer.mozilla.org/en/JavaScript/Reference/Global_Objects/String/toUpperCase.html]
[developer.mozilla.org/en/JavaScript/Reference/Global_Objects/String/toSource.html]
[developer.mozilla.org/en/JavaScript/Reference/Global_Objects/String/toString.html]
[developer.mozilla.org/en/JavaScript/Reference/Global_Objects/String/Trim.html]
[developer.mozilla.org/en/JavaScript/Reference/Global_Objects/String/TrimLeft.html]
[developer.mozilla.org/en/JavaScript/Reference/Global_Objects/String/TrimRight.html]
[developer.mozilla.org/en/JavaScript/Reference/Global_Objects/String/anchor.html]
[developer.mozilla.org/en/JavaScript/Reference/Global_Objects/String/big.html]
[developer.mozilla.org/en/JavaScript/Reference/Global_Objects/String/blink.html]
[developer.mozilla.org/en/JavaScript/Reference/Global_Objects/String/bold.html]
[developer.mozilla.org/en/JavaScript/Reference/Global_Objects/String/fixed.html]
[developer.mozilla.org/en/JavaScript/Reference/Global_Objects/String/fontcolor.html]
[developer.mozilla.org/en/JavaScript/Reference/Global_Objects/String/fontsize.html]
[developer.mozilla.org/en/JavaScript/Reference/Global_Objects/String/italics.html]
[developer.mozilla.org/en/JavaScript/Reference/Global_Objects/String/link.html]
[developer.mozilla.org/en/JavaScript/Reference/Global_Objects/String/small.html]
[developer.mozilla.org/en/JavaScript/Reference/Global_Objects/String/strike.html]
[developer.mozilla.org/en/JavaScript/Reference/Global_Objects/String/sub.html]
[developer.mozilla.org/en/JavaScript/Reference/Global_Objects/String/sup.html]
[developer.mozilla.org/en/JavaScript/Reference/Global_Objects/Array/prototype.html]
[developer.mozilla.org/en/JavaScript/Reference/Global_Objects/Array/isArray.html]
[developer.mozilla.org/en/JavaScript/Reference/Global_Objects/Array/constructor.html]
[developer.mozilla.org/en/JavaScript/Reference/Global_Objects/Array/index.html]
[developer.mozilla.org/en/JavaScript/Reference/Global_Objects/Array/input.html]
[developer.mozilla.org/en/JavaScript/Reference/Global_Objects/Array/length.html]
[developer.mozilla.org/en/JavaScript/Reference/Global_Objects/Object/ToSource-2.html]
[developer.mozilla.org/en/JavaScript/Reference/Global_Objects/Object/ToString-2.html]
[developer.mozilla.org/en/JavaScript/Reference/Global_Objects/Object/ValueOf-2.html]
[developer.mozilla.org/en/JavaScript/Reference/Global_Objects/Array/pop.html]
[developer.mozilla.org/en/JavaScript/Reference/Global_Objects/Array/push.html]
[developer.mozilla.org/en/JavaScript/Reference/Global_Objects/Array/reverse.html]
[developer.mozilla.org/en/JavaScript/Reference/Global_Objects/Array/shift.html]
[developer.mozilla.org/en/JavaScript/Reference/Global_Objects/Array/sort.html]
[developer.mozilla.org/en/JavaScript/Reference/Global_Objects/Array/splice.html]
[developer.mozilla.org/en/JavaScript/Reference/Global_Objects/Array/unshift.html]
[developer.mozilla.org/en/JavaScript/Reference/Global_Objects/Array/concat.html]
[developer.mozilla.org/en/JavaScript/Reference/Global_Objects/Array/join.html]
[developer.mozilla.org/en/JavaScript/Reference/Global_Objects/Array/slice.html]
[developer.mozilla.org/en/JavaScript/Reference/Global_Objects/Array/toSource.html]
[developer.mozilla.org/en/JavaScript/Reference/Global_Objects/Array/toString.html]
[developer.mozilla.org/en/JavaScript/Reference/Global_Objects/Array/indexOf.html]
[developer.mozilla.org/en/JavaScript/Reference/Global_Objects/Array/lastIndexOf.html]
[developer.mozilla.org/en/JavaScript/Reference/Global_Objects/Array/filter.html]
[developer.mozilla.org/en/JavaScript/Reference/Global_Objects/Array/forEach.html]
[developer.mozilla.org/en/JavaScript/Reference/Global_Objects/Array/every.html]
[developer.mozilla.org/en/JavaScript/Reference/Global_Objects/Array/map.html]
[developer.mozilla.org/en/JavaScript/Reference/Global_Objects/Array/some.html]
[developer.mozilla.org/en/JavaScript/Reference/Global_Objects/Array/Reduce.html]
[developer.mozilla.org/en/JavaScript/Reference/Global_Objects/Array/ReduceRight.html]
[developer.mozilla.org/en/JavaScript/Reference/Global_Objects/Object/prototype.html]
[developer.mozilla.org/en/JavaScript/Reference/Global_Objects/Object/create.html]
[developer.mozilla.org/en/JavaScript/Reference/Global_Objects/Object/defineProperty.html]
[developer.mozilla.org/en/JavaScript/Reference/Global_Objects/Object/defineProperties.html]
[developer.mozilla.org/en/JavaScript/Reference/Global_Objects/Object/getOwnPropertyDescriptor.html]
[developer.mozilla.org/en/JavaScript/Reference/Global_Objects/Object/keys.html]
[developer.mozilla.org/en/JavaScript/Reference/Global_Objects/Object/getOwnPropertyNames.html]
[developer.mozilla.org/en/JavaScript/Reference/Global_Objects/Object/GetPrototypeOf.html]
[developer.mozilla.org/en/JavaScript/Reference/Global_Objects/Object/preventExtensions.html]
[developer.mozilla.org/en/JavaScript/Reference/Global_Objects/Object/isExtensible.html]
[developer.mozilla.org/en/JavaScript/Reference/Global_Objects/Object/seal.html]
[developer.mozilla.org/en/JavaScript/Reference/Global_Objects/Object/isSealed.html]
[developer.mozilla.org/en/JavaScript/Reference/Global_Objects/Object/freeze.html]
[developer.mozilla.org/en/JavaScript/Reference/Global_Objects/Object/isFrozen.html]
[developer.mozilla.org/en/JavaScript/Reference/Global_Objects/Object/constructor.html]
[developer.mozilla.org/en/JavaScript/Reference/Global_Objects/Object/proto-2.html]
[developer.mozilla.org/en/JavaScript/Reference/Global_Objects/Object/defineGetter-2.html]
[developer.mozilla.org/en/JavaScript/Reference/Global_Objects/Object/defineSetter-2.html]
[developer.mozilla.org/en/JavaScript/Reference/Global_Objects/Object/eval-2.html]
[developer.mozilla.org/en/JavaScript/Reference/Global_Objects/Object/hasOwnProperty-2.html]
[developer.mozilla.org/en/JavaScript/Reference/Global_Objects/Object/isPrototypeOf-2.html]
[developer.mozilla.org/en/JavaScript/Reference/Global_Objects/Object/lookupGetter-2.html]
[developer.mozilla.org/en/JavaScript/Reference/Global_Objects/Object/lookupSetter-2.html]
[developer.mozilla.org/en/JavaScript/Reference/Global_Objects/Object/noSuchMethod-2.html]
[developer.mozilla.org/en/JavaScript/Reference/Global_Objects/Object/propertyIsEnumerable-2.html]
[developer.mozilla.org/en/JavaScript/Reference/Global_Objects/Object/unwatch-2.html]
[developer.mozilla.org/en/JavaScript/Reference/Global_Objects/Object/watch-2.html]
[developer.mozilla.org/en/JavaScript/Reference/Global_Objects/Function/prototype.html]
[developer.mozilla.org/en/JavaScript/Reference/Global_Objects/Function/arguments.html]
[developer.mozilla.org/en/JavaScript/Reference/Global_Objects/Function/arity-2.html]
[developer.mozilla.org/en/JavaScript/Reference/Global_Objects/Function/length-2.html]
[developer.mozilla.org/en/JavaScript/Reference/Global_Objects/Function/caller-2.html]
[developer.mozilla.org/en/JavaScript/Reference/Global_Objects/Function/constructor-2.html]
[developer.mozilla.org/en/JavaScript/Reference/Global_Objects/Function/name-2.html]
[developer.mozilla.org/en/JavaScript/Reference/Global_Objects/Function/apply-2.html]
[developer.mozilla.org/en/JavaScript/Reference/Global_Objects/Function/bind.html]
[developer.mozilla.org/en/JavaScript/Reference/Global_Objects/Function/call-2.html]
[developer.mozilla.org/en/JavaScript/Reference/Global_Objects/Function/toSource-2.html]
[developer.mozilla.org/en/JavaScript/Reference/Global_Objects/Function/toString-2.html]
[developer.mozilla.org/en/JavaScript/Reference/Global_Objects/RegExp/prototype.html]
[developer.mozilla.org/en/JavaScript/Reference/Global_Objects/RegExp/exec.html]
[developer.mozilla.org/en/JavaScript/Reference/Global_Objects/RegExp/constructor.html]
[developer.mozilla.org/en/JavaScript/Reference/Global_Objects/RegExp/global.html]
[developer.mozilla.org/en/JavaScript/Reference/Global_Objects/RegExp/ignoreCase.html]
[developer.mozilla.org/en/JavaScript/Reference/Global_Objects/RegExp/lastIndex.html]
[developer.mozilla.org/en/JavaScript/Reference/Global_Objects/RegExp/multiline.html]
[developer.mozilla.org/en/JavaScript/Reference/Global_Objects/RegExp/source.html]
[developer.mozilla.org/en/JavaScript/Reference/Global_Objects/RegExp/test.html]
[developer.mozilla.org/en/JavaScript/Reference/Global_Objects/RegExp/toSource.html]
[developer.mozilla.org/en/JavaScript/Reference/Global_Objects/RegExp/toString.html]
[developer.mozilla.org/en/JavaScript/Reference/Global_Objects/Date/parse.html]
[developer.mozilla.org/en/JavaScript/Reference/Global_Objects/Date/prototype.html]
[developer.mozilla.org/en/JavaScript/Reference/Global_Objects/Date/now.html]
[developer.mozilla.org/en/JavaScript/Reference/Global_Objects/Date/UTC.html]
[developer.mozilla.org/en/JavaScript/Reference/Global_Objects/Date/getFullYear.html]
[developer.mozilla.org/en/JavaScript/Reference/Global_Objects/Date/setFullYear.html]
[developer.mozilla.org/en/JavaScript/Reference/Global_Objects/Date/getUTCFullYear.html]
[developer.mozilla.org/en/JavaScript/Reference/Global_Objects/Date/setUTCFullYear.html]
[developer.mozilla.org/en/JavaScript/Reference/Global_Objects/Date/constructor.html]
[developer.mozilla.org/en/JavaScript/Reference/Global_Objects/Date/getDate.html]
[developer.mozilla.org/en/JavaScript/Reference/Global_Objects/Date/getDay.html]
[developer.mozilla.org/en/JavaScript/Reference/Global_Objects/Date/getHours.html]
[developer.mozilla.org/en/JavaScript/Reference/Global_Objects/Date/getMilliseconds.html]
[developer.mozilla.org/en/JavaScript/Reference/Global_Objects/Date/getMinutes.html]
[developer.mozilla.org/en/JavaScript/Reference/Global_Objects/Date/getMonth.html]
[developer.mozilla.org/en/JavaScript/Reference/Global_Objects/Date/getSeconds.html]
[developer.mozilla.org/en/JavaScript/Reference/Global_Objects/Date/getTime.html]
[developer.mozilla.org/en/JavaScript/Reference/Global_Objects/Date/getTimezoneOffset.html]
[developer.mozilla.org/en/JavaScript/Reference/Global_Objects/Date/getUTCDate.html]
[developer.mozilla.org/en/JavaScript/Reference/Global_Objects/Date/getUTCDay.html]
[developer.mozilla.org/en/JavaScript/Reference/Global_Objects/Date/getUTCHours.html]
[developer.mozilla.org/en/JavaScript/Reference/Global_Objects/Date/getUTCMilliseconds.html]
[developer.mozilla.org/en/JavaScript/Reference/Global_Objects/Date/getUTCMinutes.html]
[developer.mozilla.org/en/JavaScript/Reference/Global_Objects/Date/getUTCMonth.html]
[developer.mozilla.org/en/JavaScript/Reference/Global_Objects/Date/getUTCSeconds.html]
[developer.mozilla.org/en/JavaScript/Reference/Global_Objects/Date/getYear.html]
[developer.mozilla.org/en/JavaScript/Reference/Global_Objects/Date/setDate.html]
[developer.mozilla.org/en/JavaScript/Reference/Global_Objects/Date/setHours.html]
[developer.mozilla.org/en/JavaScript/Reference/Global_Objects/Date/setMilliseconds.html]
[developer.mozilla.org/en/JavaScript/Reference/Global_Objects/Date/setMinutes.html]
[developer.mozilla.org/en/JavaScript/Reference/Global_Objects/Date/setMonth.html]
[developer.mozilla.org/en/JavaScript/Reference/Global_Objects/Date/setSeconds.html]
[developer.mozilla.org/en/JavaScript/Reference/Global_Objects/Date/setTime.html]
[developer.mozilla.org/en/JavaScript/Reference/Global_Objects/Date/setUTCDate.html]
[developer.mozilla.org/en/JavaScript/Reference/Global_Objects/Date/setUTCHours.html]
[developer.mozilla.org/en/JavaScript/Reference/Global_Objects/Date/setUTCMilliseconds.html]
[developer.mozilla.org/en/JavaScript/Reference/Global_Objects/Date/setUTCMinutes.html]
[developer.mozilla.org/en/JavaScript/Reference/Global_Objects/Date/setUTCMonth.html]
[developer.mozilla.org/en/JavaScript/Reference/Global_Objects/Date/setUTCSeconds.html]
[developer.mozilla.org/en/JavaScript/Reference/Global_Objects/Date/setYear.html]
[developer.mozilla.org/en/JavaScript/Reference/Global_Objects/Date/toDateString.html]
[developer.mozilla.org/en/JavaScript/Reference/Global_Objects/Date/toJSON.html]
[developer.mozilla.org/en/JavaScript/Reference/Global_Objects/Date/toGMTString.html]
[developer.mozilla.org/en/JavaScript/Reference/Global_Objects/Date/toUTCString.html]
[developer.mozilla.org/en/JavaScript/Reference/Global_Objects/Date/toLocaleDateString.html]
[developer.mozilla.org/en/JavaScript/Reference/Global_Objects/Date/toLocaleFormat.html]
[developer.mozilla.org/en/JavaScript/Reference/Global_Objects/Date/toLocaleString.html]
[developer.mozilla.org/en/JavaScript/Reference/Global_Objects/Date/toLocaleTimeString.html]
[developer.mozilla.org/en/JavaScript/Reference/Global_Objects/Date/toSource.html]
[developer.mozilla.org/en/JavaScript/Reference/Global_Objects/Date/toString.html]
[developer.mozilla.org/en/JavaScript/Reference/Global_Objects/Date/toTimeString.html]
[developer.mozilla.org/en/JavaScript/Reference/Global_Objects/Date/valueOf.html]
[developer.mozilla.org/en/JavaScript/Reference/Global_Objects/Error/prototype.html]
[developer.mozilla.org/en/JavaScript/Reference/Global_Objects/Error/constructor.html]
[developer.mozilla.org/en/JavaScript/Reference/Global_Objects/Error/message.html]
[developer.mozilla.org/en/JavaScript/Reference/Global_Objects/Error/name.html]
[developer.mozilla.org/en/JavaScript/Reference/Global_Objects/Error/Stack.html]
[developer.mozilla.org/en/JavaScript/Reference/Global_Objects/Error/toSource.html]
[developer.mozilla.org/en/JavaScript/Reference/Global_Objects/Error/toString.html]
[developer.mozilla.org/en/JavaScript/Reference/Operators/Special_Operators/instanceof_Operator.html]
[developer.mozilla.org/en/JavaScript/Reference/Global_Objects/EvalError/prototype.html]
[developer.mozilla.org/en/JavaScript/Reference/Global_Objects/EvalError/constructor.html]
[developer.mozilla.org/en/JavaScript/Reference/Global_Objects/EvalError/name.html]
[developer.mozilla.org/en/JavaScript/Reference/Global_Objects/RangeError/prototype.html]
[developer.mozilla.org/en/JavaScript/Reference/Global_Objects/RangeError/constructor.html]
[developer.mozilla.org/en/JavaScript/Reference/Global_Objects/RangeError/name.html]
[developer.mozilla.org/en/JavaScript/Reference/Global_Objects/ReferenceError/prototype.html]
[developer.mozilla.org/en/JavaScript/Reference/Global_Objects/ReferenceError/constructor.html]
[developer.mozilla.org/en/JavaScript/Reference/Global_Objects/ReferenceError/name.html]
[developer.mozilla.org/en/JavaScript/Reference/Global_Objects/SyntaxError/prototype.html]
[developer.mozilla.org/en/JavaScript/Reference/Global_Objects/SyntaxError/constructor.html]
[developer.mozilla.org/en/JavaScript/Reference/Global_Objects/SyntaxError/name.html]
[developer.mozilla.org/en/JavaScript/Reference/Global_Objects/TypeError/prototype.html]
[developer.mozilla.org/en/JavaScript/Reference/Global_Objects/TypeError/constructor.html]
[developer.mozilla.org/en/JavaScript/Reference/Global_Objects/TypeError/name.html]
[developer.mozilla.org/en/JavaScript/Reference/Global_Objects/URIError/prototype.html]
[developer.mozilla.org/en/JavaScript/Reference/Global_Objects/URIError/constructor.html]
[developer.mozilla.org/en/JavaScript/Reference/Global_Objects/URIError/name.html]
[developer.mozilla.org/en/JavaScript/Reference/Global_Objects/Math/E.html]
[developer.mozilla.org/en/JavaScript/Reference/Global_Objects/Math/LN2.html]
[developer.mozilla.org/en/JavaScript/Reference/Global_Objects/Math/LN10.html]
[developer.mozilla.org/en/JavaScript/Reference/Global_Objects/Math/LOG2E.html]
[developer.mozilla.org/en/JavaScript/Reference/Global_Objects/Math/LOG10E.html]
[developer.mozilla.org/en/JavaScript/Reference/Global_Objects/Math/PI.html]
[developer.mozilla.org/en/JavaScript/Reference/Global_Objects/Math/SQRT1_2.html]
[developer.mozilla.org/en/JavaScript/Reference/Global_Objects/Math/SQRT2.html]
[developer.mozilla.org/en/JavaScript/Reference/Global_Objects/Object/Constructor-2.html]
[developer.mozilla.org/en/JavaScript/Reference/Global_Objects/Math/abs.html]
[developer.mozilla.org/en/JavaScript/Reference/Global_Objects/Math/acos.html]
[developer.mozilla.org/en/JavaScript/Reference/Global_Objects/Math/asin.html]
[developer.mozilla.org/en/JavaScript/Reference/Global_Objects/Math/atan.html]
[developer.mozilla.org/en/JavaScript/Reference/Global_Objects/Math/atan2.html]
[developer.mozilla.org/en/JavaScript/Reference/Global_Objects/Math/ceil.html]
[developer.mozilla.org/en/JavaScript/Reference/Global_Objects/Math/cos.html]
[developer.mozilla.org/en/JavaScript/Reference/Global_Objects/Math/exp.html]
[developer.mozilla.org/en/JavaScript/Reference/Global_Objects/Math/floor.html]
[developer.mozilla.org/en/JavaScript/Reference/Global_Objects/Math/log.html]
[developer.mozilla.org/en/JavaScript/Reference/Global_Objects/Math/max.html]
[developer.mozilla.org/en/JavaScript/Reference/Global_Objects/Math/min.html]
[developer.mozilla.org/en/JavaScript/Reference/Global_Objects/Math/pow.html]
[developer.mozilla.org/en/JavaScript/Reference/Global_Objects/Math/random.html]
[developer.mozilla.org/en/JavaScript/Reference/Global_Objects/Math/round.html]
[developer.mozilla.org/en/JavaScript/Reference/Global_Objects/Math/sin.html]
[developer.mozilla.org/en/JavaScript/Reference/Global_Objects/Math/sqrt.html]
[developer.mozilla.org/en/JavaScript/Reference/Global_Objects/Math/tan.html]
[developer.mozilla.org/en/JavaScript/Reference/Operators/Special_Operators/typeof_Operator.html]
[developer.mozilla.org/deki/scripts/res/syntax/shBrushXml.js]
[developer.mozilla.org/en/JavaScript/Reference/Functions_and_function_scope/arguments/callee.html]
[developer.mozilla.org/en/JavaScript/Reference/Functions_and_function_scope/arguments/caller.html]
[developer.mozilla.org/en/JavaScript/Reference/Functions_and_function_scope/arguments/length.html]
[developer.mozilla.org/en/JavaScript/Reference/Operators/Special.html]
[developer.mozilla.org/en/JavaScript/Reference/Operators/Special_Operators/delete.html]
[developer.mozilla.org/en/JavaScript/Reference/Operators/Special_Operators/set_Operator.html]
[developer.mozilla.org/skins/mdn/Transitional/img/nav-main-arrow.png]
[developer.mozilla.org/skins/mdn/Transitional/img/downarrow.png]
[developer.mozilla.org/en/JavaScript/Reference/Operators/Special_Operators/get_Operator.html]
